Using pre-set license
Built from '2020.3/staging' branch; Version is '2020.3.30f1 (1fb1bf06830e) revision 2077119'; Using compiler version '192528614'; Build Type 'Release'
OS: 'Windows 10  (10.0.19044) 64bit CoreSingleLanguage' Language: 'en' Physical Memory: 8074 MB
BatchMode: 1, IsHumanControllingUs: 0, StartBugReporterOnCrash: 0, Is64bit: 1, IsPro: 0

COMMAND LINE ARGUMENTS:
D:\Unity\UnityEditor\2020.3.30f1\Editor\Unity.exe
-adb2
-batchMode
-noUpm
-name
AssetImportWorker1
-projectPath
D:/Unity/UnityProject/FpsGame
-logFile
Logs/AssetImportWorker1.log
-srvPort
51150
Successfully changed project path to: D:/Unity/UnityProject/FpsGame
D:/Unity/UnityProject/FpsGame
Using Asset Import Pipeline V2.
Refreshing native plugins compatible for Editor in 74.77 ms, found 2 plugins.
Preloading 0 native plugins for Editor in 0.00 ms.
Initialize engine version: 2020.3.30f1 (1fb1bf06830e)
[Subsystems] Discovering subsystems at path D:/Unity/UnityEditor/2020.3.30f1/Editor/Data/Resources/UnitySubsystems
[Subsystems] Discovering subsystems at path D:/Unity/UnityProject/FpsGame/Assets
GfxDevice: creating device client; threaded=0
Direct3D:
    Version:  Direct3D 11.0 [level 11.1]
    Renderer: Intel(R) UHD Graphics 620 (ID=0x5917)
    Vendor:   
    VRAM:     4037 MB
    Driver:   30.0.101.1340
Initialize mono
Mono path[0] = 'D:/Unity/UnityEditor/2020.3.30f1/Editor/Data/Managed'
Mono path[1] = 'D:/Unity/UnityEditor/2020.3.30f1/Editor/Data/MonoBleedingEdge/lib/mono/unityjit'
Mono config path = 'D:/Unity/UnityEditor/2020.3.30f1/Editor/Data/MonoBleedingEdge/etc'
Using monoOptions --debugger-agent=transport=dt_socket,embedding=1,server=y,suspend=n,address=127.0.0.1:56020
Begin MonoManager ReloadAssembly
Registering precompiled unity dll's ...
Register platform support module: D:/Unity/UnityEditor/2020.3.30f1/Editor/Data/PlaybackEngines/WebGLSupport/UnityEditor.WebGL.Extensions.dll
Register platform support module: D:/Unity/UnityEditor/2020.3.30f1/Editor/Data/PlaybackEngines/WindowsStandaloneSupport/UnityEditor.WindowsStandalone.Extensions.dll
Registered in 0.001522 seconds.
Native extension for WindowsStandalone target not found
Native extension for WebGL target not found
Refreshing native plugins compatible for Editor in 57.17 ms, found 2 plugins.
Preloading 0 native plugins for Editor in 0.00 ms.
Mono: successfully reloaded assembly
- Completed reload, in  0.720 seconds
Domain Reload Profiling:
	ReloadAssembly (721ms)
		BeginReloadAssembly (77ms)
			ExecutionOrderSort (0ms)
			DisableScriptedObjects (0ms)
			BackupInstance (0ms)
			ReleaseScriptingObjects (0ms)
			CreateAndSetChildDomain (1ms)
		EndReloadAssembly (550ms)
			LoadAssemblies (76ms)
			RebuildTransferFunctionScriptingTraits (0ms)
			SetupTypeCache (186ms)
			ReleaseScriptCaches (0ms)
			RebuildScriptCaches (33ms)
			SetupLoadedEditorAssemblies (220ms)
				LogAssemblyErrors (0ms)
				InitializePlatformSupportModulesInManaged (6ms)
				SetLoadedEditorAssemblies (0ms)
				RefreshPlugins (57ms)
				BeforeProcessingInitializeOnLoad (25ms)
				ProcessInitializeOnLoadAttributes (101ms)
				ProcessInitializeOnLoadMethodAttributes (31ms)
				AfterProcessingInitializeOnLoad (0ms)
				EditorAssembliesLoaded (0ms)
			ExecutionOrderSort2 (0ms)
			AwakeInstancesAfterBackupRestoration (0ms)
Platform modules already initialized, skipping
Registering precompiled user dll's ...
Registered in 0.003004 seconds.
Begin MonoManager ReloadAssembly
Symbol file LoadedFromMemory doesn't match image D:\Unity\UnityProject\FpsGame\Library\PackageCache\com.unity.collab-proxy@1.15.15\Lib\Editor\PlasticSCM\unityplastic.dll
Native extension for WindowsStandalone target not found
Native extension for WebGL target not found
Refreshing native plugins compatible for Editor in 0.54 ms, found 2 plugins.
Preloading 0 native plugins for Editor in 0.00 ms.
Mono: successfully reloaded assembly
- Completed reload, in  2.369 seconds
Domain Reload Profiling:
	ReloadAssembly (2370ms)
		BeginReloadAssembly (181ms)
			ExecutionOrderSort (0ms)
			DisableScriptedObjects (5ms)
			BackupInstance (0ms)
			ReleaseScriptingObjects (0ms)
			CreateAndSetChildDomain (23ms)
		EndReloadAssembly (2116ms)
			LoadAssemblies (1099ms)
			RebuildTransferFunctionScriptingTraits (0ms)
			SetupTypeCache (412ms)
			ReleaseScriptCaches (1ms)
			RebuildScriptCaches (53ms)
			SetupLoadedEditorAssemblies (436ms)
				LogAssemblyErrors (0ms)
				InitializePlatformSupportModulesInManaged (6ms)
				SetLoadedEditorAssemblies (1ms)
				RefreshPlugins (1ms)
				BeforeProcessingInitializeOnLoad (102ms)
				ProcessInitializeOnLoadAttributes (280ms)
				ProcessInitializeOnLoadMethodAttributes (43ms)
				AfterProcessingInitializeOnLoad (3ms)
				EditorAssembliesLoaded (0ms)
			ExecutionOrderSort2 (0ms)
			AwakeInstancesAfterBackupRestoration (9ms)
Platform modules already initialized, skipping
========================================================================
Worker process is ready to serve import requests
Launched and connected shader compiler UnityShaderCompiler.exe after 0.35 seconds
Refreshing native plugins compatible for Editor in 0.52 ms, found 2 plugins.
Preloading 0 native plugins for Editor in 0.00 ms.
Unloading 2147 Unused Serialized files (Serialized files now loaded: 0)
System memory in use before: 171.9 MB.
System memory in use after: 172.0 MB.

Unloading 17 unused Assets to reduce memory usage. Loaded Objects now: 2605.
Total: 4.103800 ms (FindLiveObjects: 0.195900 ms CreateObjectMapping: 0.076500 ms MarkObjects: 3.728500 ms  DeleteObjects: 0.101600 ms)

AssetImportParameters requested are different than current active one (requested -> active):
  custom:framework-win-MediaFoundation: 216162199b28c13a410421893ffa2e32 -> 
  custom:video-decoder-ogg-theora: a1e56fd34408186e4bbccfd4996cb3dc -> 
  custom:container-muxer-webm: aa71ff27fc2769a1b78a27578f13a17b -> 
  custom:container-demuxer-webm: 4f35f7cbe854078d1ac9338744f61a02 -> 
  custom:container-demuxer-ogg: 62fdf1f143b41e24485cea50d1cbac27 -> 
  custom:video-encoder-webm-vp8: eb34c28f22e8b96e1ab97ce403110664 -> 
  custom:video-decoder-webm-vp8: 9c59270c3fd7afecdb556c50c9e8de78 -> 
  custom:audio-decoder-ogg-vorbis: bf7c407c2cedff20999df2af8eb42d56 -> 
  custom:audio-encoder-webm-vorbis: bf7c407c2cedff20999df2af8eb42d56 -> 
========================================================================
Received Import Request.
  path: Assets/FPS/Audio/MainAudioMixer.mixer
  artifactKey: Guid(fcc71635aab95ff4fbdf1880bf2afa2f) Importer(815301076,1909f56bfc062723c751e8b465ee728b)
Start importing Assets/FPS/Audio/MainAudioMixer.mixer using Guid(fcc71635aab95ff4fbdf1880bf2afa2f) Importer(815301076,1909f56bfc062723c751e8b465ee728b)  -> (artifact id: 'db54c136b8ea890001d4e7ad121b5867') in 0.175061 seconds 
========================================================================
Received Import Request.
  Time since last request: 3.590328 seconds.
  path: Assets/FPS/Audio/SFX
  artifactKey: Guid(75dd3a7bde0fda14d8c65a0f25c66a29) Importer(815301076,1909f56bfc062723c751e8b465ee728b)
Start importing Assets/FPS/Audio/SFX using Guid(75dd3a7bde0fda14d8c65a0f25c66a29) Importer(815301076,1909f56bfc062723c751e8b465ee728b)  -> (artifact id: '995d7bae43c55b2e256135a4cfac9ae8') in 0.013129 seconds 
========================================================================
Received Import Request.
  Time since last request: 609.277199 seconds.
  path: Assets/NavMeshComponents/LICENSE
  artifactKey: Guid(3a22fd34ec9ff1c42ac4394fad8eb365) Importer(815301076,1909f56bfc062723c751e8b465ee728b)
Start importing Assets/NavMeshComponents/LICENSE using Guid(3a22fd34ec9ff1c42ac4394fad8eb365) Importer(815301076,1909f56bfc062723c751e8b465ee728b)  -> (artifact id: 'b3056bb4160497220cbd34911153f60a') in 0.028484 seconds 
========================================================================
Received Import Request.
  Time since last request: 2.603488 seconds.
  path: Assets/NavMeshComponents/README.md
  artifactKey: Guid(b0f4eda5652dc4841bb446c4721eaec1) Importer(815301076,1909f56bfc062723c751e8b465ee728b)
Start importing Assets/NavMeshComponents/README.md using Guid(b0f4eda5652dc4841bb446c4721eaec1) Importer(815301076,1909f56bfc062723c751e8b465ee728b)  -> (artifact id: '6a995994b0ef182c03540b89c5af5687') in 0.085016 seconds 
========================================================================
Received Import Request.
  Time since last request: 23.278422 seconds.
  path: Assets/Texture/Materials/door_001.mat
  artifactKey: Guid(6de03b1794e16df4ea6cbf3907fbd969) Importer(815301076,1909f56bfc062723c751e8b465ee728b)
Start importing Assets/Texture/Materials/door_001.mat using Guid(6de03b1794e16df4ea6cbf3907fbd969) Importer(815301076,1909f56bfc062723c751e8b465ee728b)  -> (artifact id: '6813c529cd9b377130711c917a973e2f') in 0.648631 seconds 
========================================================================
Received Import Request.
  Time since last request: 0.000393 seconds.
  path: Assets/Texture/Materials/door_002.png
  artifactKey: Guid(b5b290ae51e0b2049ad9d34dd8f5b4df) Importer(815301076,1909f56bfc062723c751e8b465ee728b)
Start importing Assets/Texture/Materials/door_002.png using Guid(b5b290ae51e0b2049ad9d34dd8f5b4df) Importer(815301076,1909f56bfc062723c751e8b465ee728b)  -> (artifact id: '99f2f700f42aca01393235496e3be779') in 0.169319 seconds 
========================================================================
Received Import Request.
  Time since last request: 0.000307 seconds.
  path: Assets/Texture/Materials/ground001.mat
  artifactKey: Guid(3f0901c440463cf47874d038f85bf9ca) Importer(815301076,1909f56bfc062723c751e8b465ee728b)
Start importing Assets/Texture/Materials/ground001.mat using Guid(3f0901c440463cf47874d038f85bf9ca) Importer(815301076,1909f56bfc062723c751e8b465ee728b)  -> (artifact id: '75e135fc6eb7501452b507c55ec9390f') in 0.060871 seconds 
========================================================================
Received Import Request.
  Time since last request: 0.000387 seconds.
  path: Assets/Texture/Materials/wall_002.mat
  artifactKey: Guid(033f1477a6d6e9f42b2295f78463865e) Importer(815301076,1909f56bfc062723c751e8b465ee728b)
Start importing Assets/Texture/Materials/wall_002.mat using Guid(033f1477a6d6e9f42b2295f78463865e) Importer(815301076,1909f56bfc062723c751e8b465ee728b)  -> (artifact id: '182b6a808601dd720635946b5bd66a85') in 0.057195 seconds 
========================================================================
Received Import Request.
  Time since last request: 0.000539 seconds.
  path: Assets/Texture/Materials/door_001.png
  artifactKey: Guid(57117c5a18d2f5844b4c505f31ecbbf2) Importer(815301076,1909f56bfc062723c751e8b465ee728b)
Start importing Assets/Texture/Materials/door_001.png using Guid(57117c5a18d2f5844b4c505f31ecbbf2) Importer(815301076,1909f56bfc062723c751e8b465ee728b)  -> (artifact id: '35f58d75a7fc4ae57a94fa9821f46d40') in 0.042020 seconds 
========================================================================
Received Import Request.
  Time since last request: 0.000217 seconds.
  path: Assets/Texture/Materials/door_002.mat
  artifactKey: Guid(2805c6cafb14bd446b64d8464888ede8) Importer(815301076,1909f56bfc062723c751e8b465ee728b)
Start importing Assets/Texture/Materials/door_002.mat using Guid(2805c6cafb14bd446b64d8464888ede8) Importer(815301076,1909f56bfc062723c751e8b465ee728b)  -> (artifact id: '3ffd39e24f8353828dbb4c7018b72a8a') in 0.056502 seconds 
========================================================================
Received Import Request.
  Time since last request: 0.000237 seconds.
  path: Assets/Texture/Materials/wall_001.mat
  artifactKey: Guid(d52ba84c651338e488d4eacf5ae58d7f) Importer(815301076,1909f56bfc062723c751e8b465ee728b)
Start importing Assets/Texture/Materials/wall_001.mat using Guid(d52ba84c651338e488d4eacf5ae58d7f) Importer(815301076,1909f56bfc062723c751e8b465ee728b)  -> (artifact id: 'e3ac9ca68193901463d70c262ddb63ed') in 0.065180 seconds 
========================================================================
Received Import Request.
  Time since last request: 1.332154 seconds.
  path: Assets/Texture/Materials/Materials
  artifactKey: Guid(a23edf1218e8f034c8ae2f9426f003c8) Importer(815301076,1909f56bfc062723c751e8b465ee728b)
Start importing Assets/Texture/Materials/Materials using Guid(a23edf1218e8f034c8ae2f9426f003c8) Importer(815301076,1909f56bfc062723c751e8b465ee728b)  -> (artifact id: 'dafd74857ae1cf22a4f1a654c8ea1abc') in 0.011287 seconds 
========================================================================
Received Import Request.
  Time since last request: 0.000336 seconds.
  path: Assets/Texture/Materials/Materials/door_001.mat
  artifactKey: Guid(4046fa91a5b311a4cbca41395c54d836) Importer(815301076,1909f56bfc062723c751e8b465ee728b)
Start importing Assets/Texture/Materials/Materials/door_001.mat using Guid(4046fa91a5b311a4cbca41395c54d836) Importer(815301076,1909f56bfc062723c751e8b465ee728b)  -> (artifact id: '50a57b78fbf4c5f73e42eed9d1b20cda') in 0.057794 seconds 
========================================================================
Received Import Request.
  Time since last request: 0.000369 seconds.
  path: Assets/Texture/Materials/Materials/door_002.mat
  artifactKey: Guid(b80a7c853e99581468cfed1343c8d8f2) Importer(815301076,1909f56bfc062723c751e8b465ee728b)
Start importing Assets/Texture/Materials/Materials/door_002.mat using Guid(b80a7c853e99581468cfed1343c8d8f2) Importer(815301076,1909f56bfc062723c751e8b465ee728b)  -> (artifact id: 'a55991dd245d57130f930e744362c6ea') in 0.055281 seconds 
========================================================================
Received Prepare
Registering precompiled user dll's ...
Registered in 0.024033 seconds.
Begin MonoManager ReloadAssembly
Symbol file LoadedFromMemory doesn't match image D:\Unity\UnityProject\FpsGame\Library\PackageCache\com.unity.collab-proxy@1.15.15\Lib\Editor\PlasticSCM\unityplastic.dll
Native extension for WindowsStandalone target not found
Native extension for WebGL target not found
Refreshing native plugins compatible for Editor in 0.88 ms, found 2 plugins.
Preloading 0 native plugins for Editor in 0.00 ms.
Mono: successfully reloaded assembly
- Completed reload, in  2.093 seconds
Domain Reload Profiling:
	ReloadAssembly (2094ms)
		BeginReloadAssembly (143ms)
			ExecutionOrderSort (0ms)
			DisableScriptedObjects (5ms)
			BackupInstance (0ms)
			ReleaseScriptingObjects (0ms)
			CreateAndSetChildDomain (44ms)
		EndReloadAssembly (1866ms)
			LoadAssemblies (122ms)
			RebuildTransferFunctionScriptingTraits (0ms)
			SetupTypeCache (684ms)
			ReleaseScriptCaches (1ms)
			RebuildScriptCaches (85ms)
			SetupLoadedEditorAssemblies (699ms)
				LogAssemblyErrors (0ms)
				InitializePlatformSupportModulesInManaged (10ms)
				SetLoadedEditorAssemblies (1ms)
				RefreshPlugins (1ms)
				BeforeProcessingInitializeOnLoad (211ms)
				ProcessInitializeOnLoadAttributes (438ms)
				ProcessInitializeOnLoadMethodAttributes (22ms)
				AfterProcessingInitializeOnLoad (17ms)
				EditorAssembliesLoaded (0ms)
			ExecutionOrderSort2 (0ms)
			AwakeInstancesAfterBackupRestoration (14ms)
Platform modules already initialized, skipping
Refreshing native plugins compatible for Editor in 0.89 ms, found 2 plugins.
Preloading 0 native plugins for Editor in 0.00 ms.
Unloading 2107 Unused Serialized files (Serialized files now loaded: 0)
System memory in use before: 171.7 MB.
System memory in use after: 171.8 MB.

Unloading 12 unused Assets to reduce memory usage. Loaded Objects now: 2648.
Total: 5.324000 ms (FindLiveObjects: 0.549500 ms CreateObjectMapping: 0.236900 ms MarkObjects: 4.497600 ms  DeleteObjects: 0.038600 ms)

AssetImportParameters requested are different than current active one (requested -> active):
  custom:framework-win-MediaFoundation: 216162199b28c13a410421893ffa2e32 -> 
  custom:video-decoder-ogg-theora: a1e56fd34408186e4bbccfd4996cb3dc -> 
  custom:container-muxer-webm: aa71ff27fc2769a1b78a27578f13a17b -> 
  custom:container-demuxer-webm: 4f35f7cbe854078d1ac9338744f61a02 -> 
  custom:container-demuxer-ogg: 62fdf1f143b41e24485cea50d1cbac27 -> 
  custom:video-encoder-webm-vp8: eb34c28f22e8b96e1ab97ce403110664 -> 
  custom:video-decoder-webm-vp8: 9c59270c3fd7afecdb556c50c9e8de78 -> 
  custom:audio-decoder-ogg-vorbis: bf7c407c2cedff20999df2af8eb42d56 -> 
  custom:audio-encoder-webm-vorbis: bf7c407c2cedff20999df2af8eb42d56 -> 
AssetImportWorkerClient::OnTransportError - code=2 error=End of file
